2023-04-18 20:44:02 INFO  Log:16 - ***************
2023-04-18 20:44:02 INFO  Log:17 - ***************
2023-04-18 20:44:02 INFO  Log:18 - ******** This is the beginning of my Test case ********
2023-04-18 20:44:02 INFO  Log:27 - my test case is executing right now
2023-04-18 20:44:02 INFO  Log:31 - warning warning this is a warning
2023-04-18 20:44:09 INFO  Log:27 - This test case is about to finish
2023-04-18 20:44:09 INFO  Log:21 - ###############
2023-04-18 20:44:09 INFO  Log:22 - ###############
2023-04-18 20:44:09 INFO  Log:23 - ######## This test case is finished ########
2023-04-18 20:44:40 INFO  Log:16 - ***************
2023-04-18 20:44:40 INFO  Log:17 - ***************
2023-04-18 20:44:40 INFO  Log:18 - ******** This is the beginning of my Test case ********
2023-04-18 20:44:40 INFO  Log:27 - my test case is executing right now
2023-04-18 20:44:40 INFO  Log:31 - warning warning this is a warning
2023-04-18 20:44:48 INFO  Log:27 - This test case is about to finish
2023-04-18 20:44:48 INFO  Log:21 - ###############
2023-04-18 20:44:48 INFO  Log:22 - ###############
2023-04-18 20:44:48 INFO  Log:23 - ######## This test case is finished ########
2023-04-18 21:00:35 INFO  Log:16 - ***************
2023-04-18 21:00:35 INFO  Log:17 - ***************
2023-04-18 21:00:35 INFO  Log:18 - ******** This is the beginning of my Test case ********
2023-04-18 21:00:35 INFO  Log:27 - my test case is executing right now
2023-04-18 21:00:35 INFO  Log:31 - warning warning this is a warning
2023-04-18 21:00:42 INFO  Log:27 - This test case is about to finish
2023-04-18 21:00:42 INFO  Log:21 - ###############
2023-04-18 21:00:42 INFO  Log:22 - ###############
2023-04-18 21:00:42 INFO  Log:23 - ######## This test case is finished ########
2023-04-24 10:09:07 INFO  Log:16 - ***************
2023-04-24 10:09:07 INFO  Log:17 - ***************
2023-04-24 10:09:07 INFO  Log:18 - ******** This is the beginning of my Test case ********
2023-04-24 10:09:07 INFO  Log:27 - my test case is executing right now
2023-04-24 10:09:07 INFO  Log:31 - warning warning this is a warning
2023-04-24 10:09:14 INFO  Log:27 - This test case is about to finish
2023-04-24 10:09:14 INFO  Log:21 - ###############
2023-04-24 10:09:14 INFO  Log:22 - ###############
2023-04-24 10:09:14 INFO  Log:23 - ######## This test case is finished ########
